Arguments: 
  /home/madlucky/.nvm/versions/node/v12.18.3/bin/node /home/madlucky/.nvm/versions/node/v12.18.3/bin/yarn add @firebase/app

PATH: 
  /home/madlucky/.nvm/versions/node/v12.18.3/bin:/usr/local/sbin:/usr/local/bin:/usr/sbin:/usr/bin:/sbin:/bin:/usr/games:/usr/local/games:/snap/bin:/home/madlucky/.antigen/bundles/robbyrussell/oh-my-zsh/lib:/home/madlucky/.antigen/bundles/robbyrussell/oh-my-zsh/plugins/git:/home/madlucky/.antigen/bundles/robbyrussell/oh-my-zsh/plugins/heroku:/home/madlucky/.antigen/bundles/robbyrussell/oh-my-zsh/plugins/pip:/home/madlucky/.antigen/bundles/robbyrussell/oh-my-zsh/plugins/lein:/home/madlucky/.antigen/bundles/robbyrussell/oh-my-zsh/plugins/command-not-found:/home/madlucky/.antigen/bundles/zsh-users/zsh-syntax-highlighting:/home/madlucky/.antigen/bundles/zsh-users/zsh-completions:/home/madlucky/.antigen/bundles/denysdovhan/spaceship-prompt:/home/madlucky/.fzf/bin

Yarn version: 
  1.22.5

Node version: 
  12.18.3

Platform: 
  linux x64

Trace: 
  Error: getaddrinfo EAI_AGAIN registry.yarnpkg.com
      at GetAddrInfoReqWrap.onlookup [as oncomplete] (dns.js:66:26)

npm manifest: 
  {
    "name": "starterBlog",
    "scripts": {
      "mad": "nodemon src/server.js -V"
    },
    "repository": {
      "type": "git",
      "url": "git+https://github.com/AxelVarreira/MyFirstBlog.git"
    },
    "keywords": [],
    "author": "",
    "license": "ISC",
    "bugs": {
      "url": "https://github.com/AxelVarreira/MyFirstBlog/issues"
    },
    "homepage": "https://github.com/AxelVarreira/MyFirstBlog#readme",
    "dependencies": {
      "express": "^4.17.1"
    },
    "devDependencies": {
      "nodemon": "^2.0.4",
      "nunjucks": "^3.2.2",
      "sqlite3": "^5.0.0"
    }
  }

yarn manifest: 
  No manifest

Lockfile: 
  No lockfile
